{"numFailedTestSuites":1,"numFailedTests":1,"numPassedTestSuites":0,"numPassedTests":1,"numPendingTestSuites":0,"numPendingTests":0,"numRuntimeErrorTestSuites":0,"numTodoTests":0,"numTotalTestSuites":1,"numTotalTests":2,"openHandles":[],"snapshot":{"added":0,"didUpdate":false,"failure":false,"filesAdded":0,"filesRemoved":0,"filesRemovedList":[],"filesUnmatched":0,"filesUpdated":0,"matched":0,"total":0,"unchecked":0,"uncheckedKeysByFile":[],"unmatched":0,"updated":0},"startTime":1774322667031,"success":false,"testResults":[{"assertionResults":[{"ancestorTitles":["GET /api/budget/summary integration"],"duration":89,"failureDetails":[],"failureMessages":[],"fullName":"GET /api/budget/summary integration correctly calculates remaining budget from DB (Integration)","invocations":1,"location":null,"numPassingAsserts":5,"retryReasons":[],"status":"passed","title":"correctly calculates remaining budget from DB (Integration)"},{"ancestorTitles":["GET /api/budget/summary integration"],"duration":15,"failureDetails":[{"matcherResult":{"actual":"Failed to fetch budget summary","expected":"Failed to determine monthly budget","message":"expect(received).toBe(expected) // Object.is equality\n\nExpected: \"Failed to determine monthly budget\"\nReceived: \"Failed to fetch budget summary\"","name":"toBe","pass":false}}],"failureMessages":["Error: expect(received).toBe(expected) // Object.is equality\n\nExpected: \"Failed to determine monthly budget\"\nReceived: \"Failed to fetch budget summary\"\n    at toBe (C:\\Users\\shafi\\product-proposal\\nextjs\\__tests__\\budget-integration.test.js:62:42)\n    at processTicksAndRejections (node:internal/process/task_queues:95:5)\n    at testApiHandler (C:\\Users\\shafi\\product-proposal\\nextjs\\node_modules\\next-test-api-route-handler\\dist\\src\\index.js:82:5)\n    at Object.<anonymous> (C:\\Users\\shafi\\product-proposal\\nextjs\\__tests__\\budget-integration.test.js:56:5)"],"fullName":"GET /api/budget/summary integration cascades DB error to the API response correctly (Integration)","invocations":1,"location":null,"numPassingAsserts":1,"retryReasons":[],"status":"failed","title":"cascades DB error to the API response correctly (Integration)"}],"endTime":1774322667725,"message":"  ΓùÅ GET /api/budget/summary integration ΓÇ║ cascades DB error to the API response correctly (Integration)\n\n    expect(received).toBe(expected) // Object.is equality\n\n    Expected: \"Failed to determine monthly budget\"\n    Received: \"Failed to fetch budget summary\"\n\n    \u001b[0m \u001b[90m 60 |\u001b[39m         \u001b[36mconst\u001b[39m res \u001b[33m=\u001b[39m \u001b[36mawait\u001b[39m fetch()\n     \u001b[90m 61 |\u001b[39m         expect(res\u001b[33m.\u001b[39mstatus)\u001b[33m.\u001b[39mtoBe(\u001b[35m500\u001b[39m)\n    \u001b[31m\u001b[1m>\u001b[22m\u001b[39m\u001b[90m 62 |\u001b[39m         expect((\u001b[36mawait\u001b[39m res\u001b[33m.\u001b[39mjson())\u001b[33m.\u001b[39merror)\u001b[33m.\u001b[39mtoBe(\u001b[32m'Failed to determine monthly budget'\u001b[39m)\n     \u001b[90m    |\u001b[39m                                          \u001b[31m\u001b[1m^\u001b[22m\u001b[39m\n     \u001b[90m 63 |\u001b[39m       }\n     \u001b[90m 64 |\u001b[39m     })\n     \u001b[90m 65 |\u001b[39m   })\u001b[0m\n\n      at toBe (__tests__/budget-integration.test.js:62:42)\n      at testApiHandler (node_modules/next-test-api-route-handler/dist/src/index.js:82:5)\n      at Object.<anonymous> (__tests__/budget-integration.test.js:56:5)\n","name":"C:\\Users\\shafi\\product-proposal\\nextjs\\__tests__\\budget-integration.test.js","startTime":1774322667082,"status":"failed","summary":""}],"wasInterrupted":false}
